Epoch 1/25 - Training: 100%|█████████████████████████████████████████████████████████| 780/780 [04:32<00:00,  2.86it/s]
Epoch 1, Train Loss: 2.3058, Train Acc: 30.74%
Val Loss: 0.9557, Val Acc: 68.00%
Epoch 2/25 - Training: 100%|█████████████████████████████████████████████████████████| 780/780 [04:22<00:00,  2.97it/s]
Epoch 2, Train Loss: 1.2762, Train Acc: 59.92%
Val Loss: 0.5954, Val Acc: 79.23%
Epoch 3/25 - Training: 100%|█████████████████████████████████████████████████████████| 780/780 [04:23<00:00,  2.96it/s]
Epoch 3, Train Loss: 0.9749, Train Acc: 69.49%
Val Loss: 0.5422, Val Acc: 81.65%
Epoch 4/25 - Training: 100%|█████████████████████████████████████████████████████████| 780/780 [04:22<00:00,  2.97it/s]
Epoch 4, Train Loss: 0.8316, Train Acc: 74.11%
Val Loss: 0.3846, Val Acc: 87.43%
Epoch 5/25 - Training: 100%|█████████████████████████████████████████████████████████| 780/780 [04:22<00:00,  2.97it/s]
Epoch 5, Train Loss: 0.7390, Train Acc: 77.45%
Val Loss: 0.2846, Val Acc: 90.30%
Epoch 6/25 - Training: 100%|█████████████████████████████████████████████████████████| 780/780 [04:22<00:00,  2.97it/s]
Epoch 6, Train Loss: 0.6539, Train Acc: 79.85%
Val Loss: 0.3135, Val Acc: 89.75%
Epoch 7/25 - Training: 100%|█████████████████████████████████████████████████████████| 780/780 [04:23<00:00,  2.96it/s]
Epoch 7, Train Loss: 0.6141, Train Acc: 81.02%
Val Loss: 0.2736, Val Acc: 90.87%
Epoch 8/25 - Training: 100%|█████████████████████████████████████████████████████████| 780/780 [04:23<00:00,  2.96it/s]
Epoch 8, Train Loss: 0.5696, Train Acc: 82.59%
Val Loss: 0.2297, Val Acc: 92.39%
Epoch 9/25 - Training: 100%|█████████████████████████████████████████████████████████| 780/780 [04:22<00:00,  2.97it/s]
Epoch 9, Train Loss: 0.5412, Train Acc: 83.41%
Val Loss: 0.2214, Val Acc: 92.76%
Epoch 10/25 - Training: 100%|████████████████████████████████████████████████████████| 780/780 [04:23<00:00,  2.96it/s]
Epoch 10, Train Loss: 0.5147, Train Acc: 84.19%
Val Loss: 0.1920, Val Acc: 93.71%
Epoch 11/25 - Training: 100%|████████████████████████████████████████████████████████| 780/780 [04:22<00:00,  2.97it/s]
Epoch 11, Train Loss: 0.4914, Train Acc: 85.01%
Val Loss: 0.1350, Val Acc: 95.73%
Epoch 12/25 - Training: 100%|████████████████████████████████████████████████████████| 780/780 [04:22<00:00,  2.97it/s]
Epoch 12, Train Loss: 0.4724, Train Acc: 85.63%
Val Loss: 0.1359, Val Acc: 95.35%
Epoch 13/25 - Training: 100%|████████████████████████████████████████████████████████| 780/780 [04:22<00:00,  2.97it/s]
Epoch 13, Train Loss: 0.4572, Train Acc: 85.97%
Val Loss: 0.1578, Val Acc: 94.90%
Epoch 14/25 - Training: 100%|████████████████████████████████████████████████████████| 780/780 [04:22<00:00,  2.98it/s]
Epoch 14, Train Loss: 0.4342, Train Acc: 86.64%
Val Loss: 0.1115, Val Acc: 96.26%
Epoch 15/25 - Training: 100%|████████████████████████████████████████████████████████| 780/780 [04:22<00:00,  2.97it/s]
Epoch 15, Train Loss: 0.4233, Train Acc: 87.13%
Val Loss: 0.1266, Val Acc: 95.90%
Epoch 16/25 - Training: 100%|████████████████████████████████████████████████████████| 780/780 [04:22<00:00,  2.97it/s]
Epoch 16, Train Loss: 0.4137, Train Acc: 87.31%
Val Loss: 0.1419, Val Acc: 95.35%
Epoch 17/25 - Training: 100%|████████████████████████████████████████████████████████| 780/780 [04:24<00:00,  2.95it/s]
Epoch 17, Train Loss: 0.3980, Train Acc: 87.90%
Val Loss: 0.1155, Val Acc: 96.16%
Epoch 18/25 - Training: 100%|████████████████████████████████████████████████████████| 780/780 [04:21<00:00,  2.98it/s]
Epoch 18, Train Loss: 0.3829, Train Acc: 88.15%
Val Loss: 0.1119, Val Acc: 95.99%
Epoch 19/25 - Training: 100%|████████████████████████████████████████████████████████| 780/780 [04:22<00:00,  2.97it/s]
Early stopping triggered
Training complete. Best Val Acc: 96.26%
Model saved to resnet18_handsign_final.pth
